<?xml version="1.0" encoding="UTF-8"?>
<!-- Generated by org.testng.reporters.JUnitReportReporter -->
<testsuite hostname="ESLLAP-2446" failures="0" tests="1" name="devtools" time="3.094" errors="0" timestamp="2023-04-17T16:24:22 IST" skipped="0">
  <testcase classname="devtools" name="captureRequestSelenium" time="3.094"/>
  <system-out/>
</testsuite> <!-- devtools -->
