<?xml version="1.0" encoding="UTF-8"?>
<!-- Generated by org.testng.reporters.JUnitReportReporter -->
<testsuite hostname="ESLLAP-2446" failures="0" tests="1" name="networktab" time="7.055" errors="0" timestamp="2023-04-10T18:31:44 IST" skipped="0">
  <testcase classname="networktab" name="mainTest" time="7.055"/>
  <system-out/>
</testsuite> <!-- networktab -->
