<?xml version="1.0" encoding="UTF-8"?>
<!-- Generated by org.testng.reporters.JUnitReportReporter -->
<testsuite hostname="ESLLAP-2446" failures="0" tests="1" name="chromeoptions" time="4.392" errors="0" timestamp="2023-04-10T14:31:21 IST" skipped="0">
  <testcase classname="chromeoptions" name="captureRequestSelenium" time="4.392"/>
  <system-out/>
</testsuite> <!-- chromeoptions -->
