<?xml version="1.0" encoding="UTF-8"?>
<!-- Generated by org.testng.reporters.JUnitReportReporter -->
<testsuite hostname="ESLLAP-2446" failures="0" tests="1" name="DBTest" time="0.017" errors="0" timestamp="2023-04-17T16:39:14 IST" skipped="0">
  <testcase classname="DBTest" name="test" time="0.017"/>
  <system-out/>
</testsuite> <!-- DBTest -->
